<?xml version="1.0" encoding="UTF-8"?>
<testsuite xmlns:xsi="http://www.w3.org/2001/XMLSchema-instance" xsi:noNamespaceSchemaLocation="https://maven.apache.org/surefire/maven-surefire-plugin/xsd/surefire-test-report-3.0.xsd" version="3.0" name="TestSuite" time="8.209" tests="4" errors="0" skipped="0" failures="1">
  <properties>
[...]
</properties>
  <testcase name="runScenario[&quot;Create a new FHIR dataset&quot;, &quot;Create DataSet&quot;](1)" classname="testRunner.TestRunner" time="4.297">
    <system-out><![CDATA[
@CreateDataset
Scenario: Create a new FHIR dataset                                                                       # src/test/resources/features/01_create-dataset.feature:9
Running scenario: java.lang.ThreadLocal@6cd44f63
Environment Value: qa
[INFO ] 2025-04-07 13:45:45.332 [TestNG-test-Healthcare API Tests-1] CommonStepDefinition - Environment: qa
Baseuri: https://healthcare.googleapis.com/v1
[INFO ] 2025-04-07 13:45:45.529 [TestNG-test-Healthcare API Tests-1] CommonStepDefinition - BaseURI: https://healthcare.googleapis.com/v1
  Given Set the base URL for the Google Cloud Healthcare API.                                             # stepdefinitions.CommonStepDefinition.set_the_base_url_for_the_google_cloud_healthcare_api()
[INFO ] 2025-04-07 13:45:45.531 [TestNG-test-Healthcare API Tests-1] CommonStepDefinition - Access token: 58XARFcz62cz7q7gNAiVhZ9iqrUcLrlRx4DUD81nRH6tHxgS3_QnQ2yAaCgYKAQ8SARASFQHGX2Mit7KNaBw7ZFgiGSDK2olTaA0177
  Then You need an OAuth2 token (accessToken) to authenticate the request.                                # stepdefinitions.CommonStepDefinition.you_need_an_o_auth2_token_access_token_to_authenticate_the_request()
[INFO ] 2025-04-07 13:45:45.533 [TestNG-test-Healthcare API Tests-1] CreateDataset - Request Body: {
  "datasetId": "dataset-d5111ada-2208-4ea7-bc47-5c4640d19b45",
}
Request Body: {
  "datasetId": "dataset-d5111ada-2208-4ea7-bc47-5c4640d19b45",
}
  Then The requestBody of the dataset having "<unique-identifier>","<name>","<description>","<timezone>". # stepdefinitions.CreateDataset.the_request_body_of_the_dataset_having(java.lang.String,java.lang.String,java.lang.String,java.lang.String)
[INFO ] 2025-04-07 13:45:45.534 [TestNG-test-Healthcare API Tests-1] CreateDataset - Make POST request to create dataset 
[INFO ] 2025-04-07 13:45:46.317 [TestNG-test-Healthcare API Tests-1] CreateDataset - Endpoint/projects/healthcare-system-api/locations/us-central1/datasets?datasetId=healthcare_data
Final API URL: /projects/healthcare-system-api/locations/us-central1/datasets?datasetId=healthcare_data
[INFO ] 2025-04-07 13:45:46.320 [TestNG-test-Healthcare API Tests-1] CreateDataset - Final API URL: /projects/healthcare-system-api/locations/us-central1/datasets?datasetId=healthcare_data
Request Details: io.restassured.internal.RequestSpecificationImpl@7cbe2d36
{
    "error": {
        "code": 401,
        "message": "Request had invalid authentication credentials. Expected OAuth 2 access token, login cookie or other valid authentication credential. See https://developers.google.com/identity/sign-in/web/devconsole-project.",
        "status": "UNAUTHENTICATED",
        "details": [
            {
                "@type": "type.googleapis.com/google.rpc.ErrorInfo",
                "reason": "ACCESS_TOKEN_TYPE_UNSUPPORTED",
                "metadata": {
                    "service": "healthcare.googleapis.com",
                    "method": "google.cloud.healthcare.v1.dataset.DatasetService.CreateDataset"
                }
            }
        ]
    }
}
{
    "error": {
        "code": 401,
        "message": "Request had invalid authentication credentials. Expected OAuth 2 access token, login cookie or other valid authentication credential. See https://developers.google.com/identity/sign-in/web/devconsole-project.",
        "status": "UNAUTHENTICATED",
        "details": [
            {
                "@type": "type.googleapis.com/google.rpc.ErrorInfo",
                "reason": "ACCESS_TOKEN_TYPE_UNSUPPORTED",
                "metadata": {
                    "service": "healthcare.googleapis.com",
                    "method": "google.cloud.healthcare.v1.dataset.DatasetService.CreateDataset"
                }
            }
        ]
    }
}
Response Details: {
    "error": {
        "code": 401,
        "message": "Request had invalid authentication credentials. Expected OAuth 2 access token, login cookie or other valid authentication credential. See https://developers.google.com/identity/sign-in/web/devconsole-project.",
        "status": "UNAUTHENTICATED",
        "details": [
            {
                "@type": "type.googleapis.com/google.rpc.ErrorInfo",
                "reason": "ACCESS_TOKEN_TYPE_UNSUPPORTED",
                "metadata": {
                    "service": "healthcare.googleapis.com",
                    "method": "google.cloud.healthcare.v1.dataset.DatasetService.CreateDataset"
                }
            }
        ]
    }
}
  When A POST request is made to the API endpoint: /projects/{projectId}/locations/{location}/datasets.   # stepdefinitions.CreateDataset.a_post_request_is_made_to_the_api_endpoint_projects_locations_datasets()
  Then The response body and status code are printed out for validation.                                  # stepdefinitions.CreateDataset.the_response_body_and_status_code_are_printed_out_for_validation()
]]></system-out>
    <system-err><![CDATA[log4j:WARN No appenders could be found for logger (org.apache.http.impl.conn.BasicClientConnectionManager).
log4j:WARN Please initialize the log4j system properly.
log4j:WARN See http://logging.apache.org/log4j/1.2/faq.html#noconfig for more info.
Error: {
    "error": {
        "code": 401,
        "message": "Request had invalid authentication credentials. Expected OAuth 2 access token, login cookie or other valid authentication credential. See https://developers.google.com/identity/sign-in/web/devconsole-project.",
        "status": "UNAUTHENTICATED",
        "details": [
            {
                "@type": "type.googleapis.com/google.rpc.ErrorInfo",
                "reason": "ACCESS_TOKEN_TYPE_UNSUPPORTED",
                "metadata": {
                    "service": "healthcare.googleapis.com",
                    "method": "google.cloud.healthcare.v1.dataset.DatasetService.CreateDataset"
                }
            }
        ]
    }
}
]]></system-err>
  </testcase>
  <testcase name="runScenario[&quot;Update dataset timezone&quot;, &quot;Update TimeZone&quot;](2)" classname="testRunner.TestRunner" time="0.364">
    <system-out><![CDATA[
@UpdateTimeZone
Scenario: Update dataset timezone                                                 # src/test/resources/features/02_update-patch.feature:8
Running scenario: java.lang.ThreadLocal@6cd44f63
Environment Value: qa
[INFO ] 2025-04-07 13:45:48.841 [TestNG-test-Healthcare API Tests-1] CommonStepDefinition - Environment: qa
Baseuri: https://healthcare.googleapis.com/v1
[INFO ] 2025-04-07 13:45:48.851 [TestNG-test-Healthcare API Tests-1] CommonStepDefinition - BaseURI: https://healthcare.googleapis.com/v1
  Given Set the base URL for the Google Cloud Healthcare API.                     # stepdefinitions.CommonStepDefinition.set_the_base_url_for_the_google_cloud_healthcare_api()
[INFO ] 2025-04-07 13:45:48.852 [TestNG-test-Healthcare API Tests-1] CommonStepDefinition - Access token: 58XARFcz62cz7q7gNAiVhZ9iqrUcLrlRx4DUD81nRH6tHxgS3_QnQ2yAaCgYKAQ8SARASFQHGX2Mit7KNaBw7ZFgiGSDK2olTaA0177
  Then You need an OAuth2 token (accessToken) to authenticate the request.        # stepdefinitions.CommonStepDefinition.you_need_an_o_auth2_token_access_token_to_authenticate_the_request()
[INFO ] 2025-04-07 13:45:48.854 [TestNG-test-Healthcare API Tests-1] Patch - Executing PATCH request for dataset timezone update...
Executing PATCH request for dataset timezone update...
Request Body: { "timeZone": "America/Chicago" }
[INFO ] 2025-04-07 13:45:48.941 [TestNG-test-Healthcare API Tests-1] Patch - Endpoint/projects/healthcare-system-api/locations/us-central1/datasets/healthcare_data?updateMask=timeZone
Final API URL: /projects/healthcare-system-api/locations/us-central1/datasets/healthcare_data?updateMask=timeZone
[INFO ] 2025-04-07 13:45:48.942 [TestNG-test-Healthcare API Tests-1] Patch - Final API URL: /projects/healthcare-system-api/locations/us-central1/datasets/healthcare_data?updateMask=timeZone
Request Details: io.restassured.internal.RequestSpecificationImpl@4d95de52
{
    "error": {
        "code": 401,
        "message": "Request had invalid authentication credentials. Expected OAuth 2 access token, login cookie or other valid authentication credential. See https://developers.google.com/identity/sign-in/web/devconsole-project.",
        "status": "UNAUTHENTICATED",
        "details": [
            {
                "@type": "type.googleapis.com/google.rpc.ErrorInfo",
                "reason": "ACCESS_TOKEN_TYPE_UNSUPPORTED",
                "metadata": {
                    "method": "google.cloud.healthcare.v1.dataset.DatasetService.UpdateDataset",
                    "service": "healthcare.googleapis.com"
                }
            }
        ]
    }
}
{
    "error": {
        "code": 401,
        "message": "Request had invalid authentication credentials. Expected OAuth 2 access token, login cookie or other valid authentication credential. See https://developers.google.com/identity/sign-in/web/devconsole-project.",
        "status": "UNAUTHENTICATED",
        "details": [
            {
                "@type": "type.googleapis.com/google.rpc.ErrorInfo",
                "reason": "ACCESS_TOKEN_TYPE_UNSUPPORTED",
                "metadata": {
                    "method": "google.cloud.healthcare.v1.dataset.DatasetService.UpdateDataset",
                    "service": "healthcare.googleapis.com"
                }
            }
        ]
    }
}
Response Details: {
    "error": {
        "code": 401,
        "message": "Request had invalid authentication credentials. Expected OAuth 2 access token, login cookie or other valid authentication credential. See https://developers.google.com/identity/sign-in/web/devconsole-project.",
        "status": "UNAUTHENTICATED",
        "details": [
            {
                "@type": "type.googleapis.com/google.rpc.ErrorInfo",
                "reason": "ACCESS_TOKEN_TYPE_UNSUPPORTED",
                "metadata": {
                    "method": "google.cloud.healthcare.v1.dataset.DatasetService.UpdateDataset",
                    "service": "healthcare.googleapis.com"
                }
            }
        ]
    }
}
Status Code: 401
Status Code: 401
[INFO ] 2025-04-07 13:45:49.198 [TestNG-test-Healthcare API Tests-1] Patch - Status Code: 401
[ERROR] 2025-04-07 13:45:49.199 [TestNG-test-Healthcare API Tests-1] Patch - Error updating dataset: {
    "error": {
        "code": 401,
        "message": "Request had invalid authentication credentials. Expected OAuth 2 access token, login cookie or other valid authentication credential. See https://developers.google.com/identity/sign-in/web/devconsole-project.",
        "status": "UNAUTHENTICATED",
        "details": [
            {
                "@type": "type.googleapis.com/google.rpc.ErrorInfo",
                "reason": "ACCESS_TOKEN_TYPE_UNSUPPORTED",
                "metadata": {
                    "method": "google.cloud.healthcare.v1.dataset.DatasetService.UpdateDataset",
                    "service": "healthcare.googleapis.com"
                }
            }
        ]
    }
}
  When A PATCH request is made to update the dataset timezone to "UTC".           # stepdefinitions.Patch.a_patch_request_is_made_to_update_the_dataset_timezone(java.lang.String)
[INFO ] 2025-04-07 13:45:49.201 [TestNG-test-Healthcare API Tests-1] Patch - Response Body: {
    "error": {
        "code": 401,
        "message": "Request had invalid authentication credentials. Expected OAuth 2 access token, login cookie or other valid authentication credential. See https://developers.google.com/identity/sign-in/web/devconsole-project.",
        "status": "UNAUTHENTICATED",
        "details": [
            {
                "@type": "type.googleapis.com/google.rpc.ErrorInfo",
                "reason": "ACCESS_TOKEN_TYPE_UNSUPPORTED",
                "metadata": {
                    "method": "google.cloud.healthcare.v1.dataset.DatasetService.UpdateDataset",
                    "service": "healthcare.googleapis.com"
                }
            }
        ]
    }
}
Response Body: {
    "error": {
        "code": 401,
        "message": "Request had invalid authentication credentials. Expected OAuth 2 access token, login cookie or other valid authentication credential. See https://developers.google.com/identity/sign-in/web/devconsole-project.",
        "status": "UNAUTHENTICATED",
        "details": [
            {
                "@type": "type.googleapis.com/google.rpc.ErrorInfo",
                "reason": "ACCESS_TOKEN_TYPE_UNSUPPORTED",
                "metadata": {
                    "method": "google.cloud.healthcare.v1.dataset.DatasetService.UpdateDataset",
                    "service": "healthcare.googleapis.com"
                }
            }
        ]
    }
}
Status Code: 401
  Then The response body and status code are printed out for validation in patch. # stepdefinitions.Patch.the_response_body_and_status_code_are_printed_out_for_validation_in_patch()
]]></system-out>
    <system-err><![CDATA[FreeMarker template error:
The following has evaluated to null or missing:
==> c  [in template "codeblock.json.ftl" at line 6, column 86]

----
Tip: If the failing expression is known to legally refer to something that's sometimes null or missing, either specify a default value like myOptionalVar!myDefault, or use <#if myOptionalVar??>when-present<#else>when-missing</#if>. (These only cover the last step of the expression; to cover the whole expression, use parenthesis: (myOptionalVar.foo)!myDefault, (myOptionalVar.foo)??
----

----
FTL stack trace ("~" means nesting-related):
	- Failed at: ${c}  [in template "codeblock.json.ftl" at line 6, column 84]
----

Java stack trace (for programmers):
----
freemarker.core.InvalidReferenceException: [... Exception message was already printed; see it above ...]
	at freemarker.core.InvalidReferenceException.getInstance(InvalidReferenceException.java:134)
	at freemarker.core.EvalUtil.coerceModelToTextualCommon(EvalUtil.java:481)
	at freemarker.core.EvalUtil.coerceModelToStringOrMarkup(EvalUtil.java:401)
	at freemarker.core.EvalUtil.coerceModelToStringOrMarkup(EvalUtil.java:370)
	at freemarker.core.DollarVariable.calculateInterpolatedStringOrMarkup(DollarVariable.java:104)
	at freemarker.core.DollarVariable.accept(DollarVariable.java:63)
	at freemarker.core.Environment.visit(Environment.java:371)
	at freemarker.core.IteratorBlock$IterationContext.executedNestedContentForCollOrSeqListing(IteratorBlock.java:321)
	at freemarker.core.IteratorBlock$IterationContext.executeNestedContent(IteratorBlock.java:271)
	at freemarker.core.IteratorBlock$IterationContext.accept(IteratorBlock.java:244)
	at freemarker.core.Environment.visitIteratorBlock(Environment.java:645)
	at freemarker.core.IteratorBlock.acceptWithResult(IteratorBlock.java:108)
	at freemarker.core.IteratorBlock.accept(IteratorBlock.java:94)
	at freemarker.core.Environment.visit(Environment.java:335)
	at freemarker.core.Environment.visit(Environment.java:341)
	at freemarker.core.Environment.process(Environment.java:314)
	at freemarker.template.Template.process(Template.java:383)
	at com.aventstack.extentreports.templating.FreemarkerTemplate.processTemplate(FreemarkerTemplate.java:51)
	at com.aventstack.extentreports.templating.FreemarkerTemplate.getSource(FreemarkerTemplate.java:39)
	at com.aventstack.extentreports.markuputils.CodeBlock.getMarkup(CodeBlock.java:59)
	at com.aventstack.extentreports.ExtentTest.log(ExtentTest.java:484)
	at com.aventstack.extentreports.ExtentTest.info(ExtentTest.java:619)
	at reporting.ExtentReportManager.logJson(ExtentReportManager.java:76)
	at utilities.Perform.printRequestLogInReport(Perform.java:76)
	at utilities.Perform.performSendRequest(Perform.java:60)
	at stepdefinitions.Patch.a_patch_request_is_made_to_update_the_dataset_timezone(Patch.java:78)
	at java.base/jdk.internal.reflect.NativeMethodAccessorImpl.invoke0(Native Method)
	at java.base/jdk.internal.reflect.NativeMethodAccessorImpl.invoke(NativeMethodAccessorImpl.java:77)
	at java.base/jdk.internal.reflect.DelegatingMethodAccessorImpl.invoke(DelegatingMethodAccessorImpl.java:43)
	at java.base/java.lang.reflect.Method.invoke(Method.java:568)
	at io.cucumber.java.Invoker.doInvoke(Invoker.java:66)
	at io.cucumber.java.Invoker.invoke(Invoker.java:24)
	at io.cucumber.java.AbstractGlueDefinition.invokeMethod(AbstractGlueDefinition.java:47)
	at io.cucumber.java.JavaStepDefinition.execute(JavaStepDefinition.java:29)
	at io.cucumber.core.runner.CoreStepDefinition.execute(CoreStepDefinition.java:66)
	at io.cucumber.core.runner.PickleStepDefinitionMatch.runStep(PickleStepDefinitionMatch.java:63)
	at io.cucumber.core.runner.ExecutionMode$1.execute(ExecutionMode.java:10)
	at io.cucumber.core.runner.TestStep.executeStep(TestStep.java:84)
	at io.cucumber.core.runner.TestStep.run(TestStep.java:56)
	at io.cucumber.core.runner.PickleStepTestStep.run(PickleStepTestStep.java:51)
	at io.cucumber.core.runner.TestCase.run(TestCase.java:84)
	at io.cucumber.core.runner.Runner.runPickle(Runner.java:75)
	at io.cucumber.testng.TestNGCucumberRunner.lambda$runScenario$1(TestNGCucumberRunner.java:132)
	at io.cucumber.core.runtime.CucumberExecutionContext.lambda$runTestCase$5(CucumberExecutionContext.java:130)
	at io.cucumber.core.runtime.RethrowingThrowableCollector.executeAndThrow(RethrowingThrowableCollector.java:23)
	at io.cucumber.core.runtime.CucumberExecutionContext.runTestCase(CucumberExecutionContext.java:130)
	at io.cucumber.testng.TestNGCucumberRunner.runScenario(TestNGCucumberRunner.java:129)
	at io.cucumber.testng.AbstractTestNGCucumberTests.runScenario(AbstractTestNGCucumberTests.java:35)
	at java.base/jdk.internal.reflect.NativeMethodAccessorImpl.invoke0(Native Method)
	at java.base/jdk.internal.reflect.NativeMethodAccessorImpl.invoke(NativeMethodAccessorImpl.java:77)
	at java.base/jdk.internal.reflect.DelegatingMethodAccessorImpl.invoke(DelegatingMethodAccessorImpl.java:43)
	at java.base/java.lang.reflect.Method.invoke(Method.java:568)
	at org.testng.internal.invokers.MethodInvocationHelper.invokeMethod(MethodInvocationHelper.java:141)
	at org.testng.internal.invokers.TestInvoker.invokeMethod(TestInvoker.java:687)
	at org.testng.internal.invokers.TestInvoker.invokeTestMethod(TestInvoker.java:230)
	at org.testng.internal.invokers.MethodRunner.runInSequence(MethodRunner.java:63)
	at org.testng.internal.invokers.TestInvoker$MethodInvocationAgent.invoke(TestInvoker.java:995)
	at org.testng.internal.invokers.TestInvoker.invokeTestMethods(TestInvoker.java:203)
	at org.testng.internal.invokers.TestMethodWorker.invokeTestMethods(TestMethodWorker.java:154)
	at org.testng.internal.invokers.TestMethodWorker.run(TestMethodWorker.java:134)
	at java.base/java.util.concurrent.Executors$RunnableAdapter.call(Executors.java:539)
	at java.base/java.util.concurrent.FutureTask.run(FutureTask.java:264)
	at org.testng.internal.thread.graph.TestNGFutureTask.run(TestNGFutureTask.java:22)
	at java.base/java.util.concurrent.ThreadPoolExecutor.runWorker(ThreadPoolExecutor.java:1136)
	at java.base/java.util.concurrent.ThreadPoolExecutor$Worker.run(ThreadPoolExecutor.java:635)
	at java.base/java.lang.Thread.run(Thread.java:842)
Error updating dataset: {
    "error": {
        "code": 401,
        "message": "Request had invalid authentication credentials. Expected OAuth 2 access token, login cookie or other valid authentication credential. See https://developers.google.com/identity/sign-in/web/devconsole-project.",
        "status": "UNAUTHENTICATED",
        "details": [
            {
                "@type": "type.googleapis.com/google.rpc.ErrorInfo",
                "reason": "ACCESS_TOKEN_TYPE_UNSUPPORTED",
                "metadata": {
                    "method": "google.cloud.healthcare.v1.dataset.DatasetService.UpdateDataset",
                    "service": "healthcare.googleapis.com"
                }
            }
        ]
    }
}
]]></system-err>
  </testcase>
  <testcase name="runScenario[&quot;Create a FHIR Store&quot;, &quot;Create a FHIR Store&quot;](3)" classname="testRunner.TestRunner" time="0.437">
    <failure message="expected:&lt;200&gt; but was:&lt;401&gt;" type="java.lang.AssertionError"><![CDATA[java.lang.AssertionError: expected:<200> but was:<401>
]]></failure>
    <system-out><![CDATA[
@CreateFHIRStore
Scenario: Create a FHIR Store                                                                        # src/test/resources/features/03_CreateFHIRStore.feature:9
Running scenario: java.lang.ThreadLocal@6cd44f63
Environment Value: qa
[INFO ] 2025-04-07 13:45:49.225 [TestNG-test-Healthcare API Tests-1] CommonStepDefinition - Environment: qa
Baseuri: https://healthcare.googleapis.com/v1
[INFO ] 2025-04-07 13:45:49.226 [TestNG-test-Healthcare API Tests-1] CommonStepDefinition - BaseURI: https://healthcare.googleapis.com/v1
  Given Set the base URL for the Google Cloud Healthcare API.                                        # stepdefinitions.CommonStepDefinition.set_the_base_url_for_the_google_cloud_healthcare_api()
[INFO ] 2025-04-07 13:45:49.227 [TestNG-test-Healthcare API Tests-1] CommonStepDefinition - Access token: 58XARFcz62cz7q7gNAiVhZ9iqrUcLrlRx4DUD81nRH6tHxgS3_QnQ2yAaCgYKAQ8SARASFQHGX2Mit7KNaBw7ZFgiGSDK2olTaA0177
  Then You need an OAuth2 token (accessToken) to authenticate the request.                           # stepdefinitions.CommonStepDefinition.you_need_an_o_auth2_token_access_token_to_authenticate_the_request()
  Then Set the requestBody with the dataset details including fhirVersion                            # stepdefinitions.CreateFHIRStore.setRequestBody()
[INFO ] 2025-04-07 13:45:49.293 [TestNG-test-Healthcare API Tests-1] CreateFHIRStore - Endpoint/projects/healthcare-system-api/locations/us-central1/datasets/healthcare_data/fhirStores?fhirStoreId=Dar_83
Final API URL: /projects/healthcare-system-api/locations/us-central1/datasets/healthcare_data/fhirStores?fhirStoreId=Dar_83
[INFO ] 2025-04-07 13:45:49.294 [TestNG-test-Healthcare API Tests-1] CreateFHIRStore - Final API URL: /projects/healthcare-system-api/locations/us-central1/datasets/healthcare_data/fhirStores?fhirStoreId=Dar_83
Request Details: io.restassured.internal.RequestSpecificationImpl@1380d571
{
    "error": {
        "code": 401,
        "message": "Request had invalid authentication credentials. Expected OAuth 2 access token, login cookie or other valid authentication credential. See https://developers.google.com/identity/sign-in/web/devconsole-project.",
        "status": "UNAUTHENTICATED",
        "details": [
            {
                "@type": "type.googleapis.com/google.rpc.ErrorInfo",
                "reason": "ACCESS_TOKEN_TYPE_UNSUPPORTED",
                "metadata": {
                    "service": "healthcare.googleapis.com",
                    "method": "google.cloud.healthcare.v1.fhir.FhirStoreService.CreateFhirStore"
                }
            }
        ]
    }
}
{
    "error": {
        "code": 401,
        "message": "Request had invalid authentication credentials. Expected OAuth 2 access token, login cookie or other valid authentication credential. See https://developers.google.com/identity/sign-in/web/devconsole-project.",
        "status": "UNAUTHENTICATED",
        "details": [
            {
                "@type": "type.googleapis.com/google.rpc.ErrorInfo",
                "reason": "ACCESS_TOKEN_TYPE_UNSUPPORTED",
                "metadata": {
                    "service": "healthcare.googleapis.com",
                    "method": "google.cloud.healthcare.v1.fhir.FhirStoreService.CreateFhirStore"
                }
            }
        ]
    }
}
Response Details: {
    "error": {
        "code": 401,
        "message": "Request had invalid authentication credentials. Expected OAuth 2 access token, login cookie or other valid authentication credential. See https://developers.google.com/identity/sign-in/web/devconsole-project.",
        "status": "UNAUTHENTICATED",
        "details": [
            {
                "@type": "type.googleapis.com/google.rpc.ErrorInfo",
                "reason": "ACCESS_TOKEN_TYPE_UNSUPPORTED",
                "metadata": {
                    "service": "healthcare.googleapis.com",
                    "method": "google.cloud.healthcare.v1.fhir.FhirStoreService.CreateFhirStore"
                }
            }
        ]
    }
}
  When A POST request is made to the API endpoint having projectId, location, datasetId, fhirStoreId # stepdefinitions.CreateFHIRStore.sendPostRequest()
Response Status Code: 401
Response Body: {
    "error": {
        "code": 401,
        "message": "Request had invalid authentication credentials. Expected OAuth 2 access token, login cookie or other valid authentication credential. See https://developers.google.com/identity/sign-in/web/devconsole-project.",
        "status": "UNAUTHENTICATED",
        "details": [
            {
                "@type": "type.googleapis.com/google.rpc.ErrorInfo",
                "reason": "ACCESS_TOKEN_TYPE_UNSUPPORTED",
                "metadata": {
                    "service": "healthcare.googleapis.com",
                    "method": "google.cloud.healthcare.v1.fhir.FhirStoreService.CreateFhirStore"
                }
            }
        ]
    }
}
[INFO ] 2025-04-07 13:45:49.676 [TestNG-test-Healthcare API Tests-1] CreateFHIRStore - Response Status Code: 401
[INFO ] 2025-04-07 13:45:49.677 [TestNG-test-Healthcare API Tests-1] CreateFHIRStore - Response Body: {
    "error": {
        "code": 401,
        "message": "Request had invalid authentication credentials. Expected OAuth 2 access token, login cookie or other valid authentication credential. See https://developers.google.com/identity/sign-in/web/devconsole-project.",
        "status": "UNAUTHENTICATED",
        "details": [
            {
                "@type": "type.googleapis.com/google.rpc.ErrorInfo",
                "reason": "ACCESS_TOKEN_TYPE_UNSUPPORTED",
                "metadata": {
                    "service": "healthcare.googleapis.com",
                    "method": "google.cloud.healthcare.v1.fhir.FhirStoreService.CreateFhirStore"
                }
            }
        ]
    }
}
  Then The response body and status code are printed out for validation to create store.             # stepdefinitions.CreateFHIRStore.validateResponse()
      java.lang.AssertionError: expected:<200> but was:<401>
	at org.junit.Assert.fail(Assert.java:89)
	at org.junit.Assert.failNotEquals(Assert.java:835)
	at org.junit.Assert.assertEquals(Assert.java:647)
	at org.junit.Assert.assertEquals(Assert.java:633)
	at stepdefinitions.CreateFHIRStore.validateResponse(CreateFHIRStore.java:68)
	at âœ½.The response body and status code are printed out for validation to create store.(file:///C:/Users/nreka/vscodedevops/FHIR-Google-Cloud-API/src/test/resources/features/03_CreateFHIRStore.feature:12)

]]></system-out>
  </testcase>
  <testcase name="runScenario[&quot;Get all FHIR Stores&quot;, &quot;Get all FHIR Stores&quot;](4)" classname="testRunner.TestRunner" time="0.435">
    <system-out><![CDATA[
@GetAllFHIRStores
Scenario: Get all FHIR Stores                                                           # src/test/resources/features/04_GetAllFHIRStores.feature:8
Running scenario: java.lang.ThreadLocal@6cd44f63
Environment Value: qa
[INFO ] 2025-04-07 13:45:49.703 [TestNG-test-Healthcare API Tests-1] CommonStepDefinition - Environment: qa
Baseuri: https://healthcare.googleapis.com/v1
[INFO ] 2025-04-07 13:45:49.703 [TestNG-test-Healthcare API Tests-1] CommonStepDefinition - BaseURI: https://healthcare.googleapis.com/v1
  Given Set the base URL for the Google Cloud Healthcare API.                           # stepdefinitions.CommonStepDefinition.set_the_base_url_for_the_google_cloud_healthcare_api()
[INFO ] 2025-04-07 13:45:49.704 [TestNG-test-Healthcare API Tests-1] CommonStepDefinition - Access token: 58XARFcz62cz7q7gNAiVhZ9iqrUcLrlRx4DUD81nRH6tHxgS3_QnQ2yAaCgYKAQ8SARASFQHGX2Mit7KNaBw7ZFgiGSDK2olTaA0177
  Then You need an OAuth2 token (accessToken) to authenticate the request.              # stepdefinitions.CommonStepDefinition.you_need_an_o_auth2_token_access_token_to_authenticate_the_request()
[INFO ] 2025-04-07 13:45:49.758 [TestNG-test-Healthcare API Tests-1] GetAllFHIRStores - Endpoint/projects/healthcare-system-api/locations/us-central1/datasets/healthcare_data/fhirStores
Final API URL: /projects/healthcare-system-api/locations/us-central1/datasets/healthcare_data/fhirStores
[INFO ] 2025-04-07 13:45:49.759 [TestNG-test-Healthcare API Tests-1] GetAllFHIRStores - Final API URL: /projects/healthcare-system-api/locations/us-central1/datasets/healthcare_data/fhirStores
Request Details: io.restassured.internal.RequestSpecificationImpl@4a18504c
{
    "error": {
        "code": 401,
        "message": "Request had invalid authentication credentials. Expected OAuth 2 access token, login cookie or other valid authentication credential. See https://developers.google.com/identity/sign-in/web/devconsole-project.",
        "status": "UNAUTHENTICATED",
        "details": [
            {
                "@type": "type.googleapis.com/google.rpc.ErrorInfo",
                "reason": "ACCESS_TOKEN_TYPE_UNSUPPORTED",
                "metadata": {
                    "method": "google.cloud.healthcare.v1.fhir.FhirStoreService.ListFhirStores",
                    "service": "healthcare.googleapis.com"
                }
            }
        ]
    }
}
{
    "error": {
        "code": 401,
        "message": "Request had invalid authentication credentials. Expected OAuth 2 access token, login cookie or other valid authentication credential. See https://developers.google.com/identity/sign-in/web/devconsole-project.",
        "status": "UNAUTHENTICATED",
        "details": [
            {
                "@type": "type.googleapis.com/google.rpc.ErrorInfo",
                "reason": "ACCESS_TOKEN_TYPE_UNSUPPORTED",
                "metadata": {
                    "method": "google.cloud.healthcare.v1.fhir.FhirStoreService.ListFhirStores",
                    "service": "healthcare.googleapis.com"
                }
            }
        ]
    }
}
Response Details: {
    "error": {
        "code": 401,
        "message": "Request had invalid authentication credentials. Expected OAuth 2 access token, login cookie or other valid authentication credential. See https://developers.google.com/identity/sign-in/web/devconsole-project.",
        "status": "UNAUTHENTICATED",
        "details": [
            {
                "@type": "type.googleapis.com/google.rpc.ErrorInfo",
                "reason": "ACCESS_TOKEN_TYPE_UNSUPPORTED",
                "metadata": {
                    "method": "google.cloud.healthcare.v1.fhir.FhirStoreService.ListFhirStores",
                    "service": "healthcare.googleapis.com"
                }
            }
        ]
    }
}
  When A Get request is made to the API endpoint having projectId, location, datasetId. # stepdefinitions.GetAllFHIRStores.a_get_request_is_made_to_the_api_endpoint_having_project_id_location_dataset_id()
  Then The response body and status code are printed out for validation in Get.         # stepdefinitions.GetAllFHIRStores.the_response_body_and_status_code_are_printed_out_for_validation_in_get()
]]></system-out>
    <system-err><![CDATA[FreeMarker template error:
The following has evaluated to null or missing:
==> c  [in template "codeblock.json.ftl" at line 6, column 86]

----
Tip: If the failing expression is known to legally refer to something that's sometimes null or missing, either specify a default value like myOptionalVar!myDefault, or use <#if myOptionalVar??>when-present<#else>when-missing</#if>. (These only cover the last step of the expression; to cover the whole expression, use parenthesis: (myOptionalVar.foo)!myDefault, (myOptionalVar.foo)??
----

----
FTL stack trace ("~" means nesting-related):
	- Failed at: ${c}  [in template "codeblock.json.ftl" at line 6, column 84]
----

Java stack trace (for programmers):
----
freemarker.core.InvalidReferenceException: [... Exception message was already printed; see it above ...]
	at freemarker.core.InvalidReferenceException.getInstance(InvalidReferenceException.java:134)
	at freemarker.core.EvalUtil.coerceModelToTextualCommon(EvalUtil.java:481)
	at freemarker.core.EvalUtil.coerceModelToStringOrMarkup(EvalUtil.java:401)
	at freemarker.core.EvalUtil.coerceModelToStringOrMarkup(EvalUtil.java:370)
	at freemarker.core.DollarVariable.calculateInterpolatedStringOrMarkup(DollarVariable.java:104)
	at freemarker.core.DollarVariable.accept(DollarVariable.java:63)
	at freemarker.core.Environment.visit(Environment.java:371)
	at freemarker.core.IteratorBlock$IterationContext.executedNestedContentForCollOrSeqListing(IteratorBlock.java:321)
	at freemarker.core.IteratorBlock$IterationContext.executeNestedContent(IteratorBlock.java:271)
	at freemarker.core.IteratorBlock$IterationContext.accept(IteratorBlock.java:244)
	at freemarker.core.Environment.visitIteratorBlock(Environment.java:645)
	at freemarker.core.IteratorBlock.acceptWithResult(IteratorBlock.java:108)
	at freemarker.core.IteratorBlock.accept(IteratorBlock.java:94)
	at freemarker.core.Environment.visit(Environment.java:335)
	at freemarker.core.Environment.visit(Environment.java:341)
	at freemarker.core.Environment.process(Environment.java:314)
	at freemarker.template.Template.process(Template.java:383)
	at com.aventstack.extentreports.templating.FreemarkerTemplate.processTemplate(FreemarkerTemplate.java:51)
	at com.aventstack.extentreports.templating.FreemarkerTemplate.getSource(FreemarkerTemplate.java:39)
	at com.aventstack.extentreports.markuputils.CodeBlock.getMarkup(CodeBlock.java:59)
	at com.aventstack.extentreports.ExtentTest.log(ExtentTest.java:484)
	at com.aventstack.extentreports.ExtentTest.info(ExtentTest.java:619)
	at reporting.ExtentReportManager.logJson(ExtentReportManager.java:76)
	at utilities.Perform.printRequestLogInReport(Perform.java:76)
	at utilities.Perform.performSendRequest(Perform.java:60)
	at stepdefinitions.GetAllFHIRStores.a_get_request_is_made_to_the_api_endpoint_having_project_id_location_dataset_id(GetAllFHIRStores.java:55)
	at java.base/jdk.internal.reflect.NativeMethodAccessorImpl.invoke0(Native Method)
	at java.base/jdk.internal.reflect.NativeMethodAccessorImpl.invoke(NativeMethodAccessorImpl.java:77)
	at java.base/jdk.internal.reflect.DelegatingMethodAccessorImpl.invoke(DelegatingMethodAccessorImpl.java:43)
	at java.base/java.lang.reflect.Method.invoke(Method.java:568)
	at io.cucumber.java.Invoker.doInvoke(Invoker.java:66)
	at io.cucumber.java.Invoker.invoke(Invoker.java:24)
	at io.cucumber.java.AbstractGlueDefinition.invokeMethod(AbstractGlueDefinition.java:47)
	at io.cucumber.java.JavaStepDefinition.execute(JavaStepDefinition.java:29)
	at io.cucumber.core.runner.CoreStepDefinition.execute(CoreStepDefinition.java:66)
	at io.cucumber.core.runner.PickleStepDefinitionMatch.runStep(PickleStepDefinitionMatch.java:63)
	at io.cucumber.core.runner.ExecutionMode$1.execute(ExecutionMode.java:10)
	at io.cucumber.core.runner.TestStep.executeStep(TestStep.java:84)
	at io.cucumber.core.runner.TestStep.run(TestStep.java:56)
	at io.cucumber.core.runner.PickleStepTestStep.run(PickleStepTestStep.java:51)
	at io.cucumber.core.runner.TestCase.run(TestCase.java:84)
	at io.cucumber.core.runner.Runner.runPickle(Runner.java:75)
	at io.cucumber.testng.TestNGCucumberRunner.lambda$runScenario$1(TestNGCucumberRunner.java:132)
	at io.cucumber.core.runtime.CucumberExecutionContext.lambda$runTestCase$5(CucumberExecutionContext.java:130)
	at io.cucumber.core.runtime.RethrowingThrowableCollector.executeAndThrow(RethrowingThrowableCollector.java:23)
	at io.cucumber.core.runtime.CucumberExecutionContext.runTestCase(CucumberExecutionContext.java:130)
	at io.cucumber.testng.TestNGCucumberRunner.runScenario(TestNGCucumberRunner.java:129)
	at io.cucumber.testng.AbstractTestNGCucumberTests.runScenario(AbstractTestNGCucumberTests.java:35)
	at java.base/jdk.internal.reflect.NativeMethodAccessorImpl.invoke0(Native Method)
	at java.base/jdk.internal.reflect.NativeMethodAccessorImpl.invoke(NativeMethodAccessorImpl.java:77)
	at java.base/jdk.internal.reflect.DelegatingMethodAccessorImpl.invoke(DelegatingMethodAccessorImpl.java:43)
	at java.base/java.lang.reflect.Method.invoke(Method.java:568)
	at org.testng.internal.invokers.MethodInvocationHelper.invokeMethod(MethodInvocationHelper.java:141)
	at org.testng.internal.invokers.TestInvoker.invokeMethod(TestInvoker.java:687)
	at org.testng.internal.invokers.TestInvoker.invokeTestMethod(TestInvoker.java:230)
	at org.testng.internal.invokers.MethodRunner.runInSequence(MethodRunner.java:63)
	at org.testng.internal.invokers.TestInvoker$MethodInvocationAgent.invoke(TestInvoker.java:995)
	at org.testng.internal.invokers.TestInvoker.invokeTestMethods(TestInvoker.java:203)
	at org.testng.internal.invokers.TestMethodWorker.invokeTestMethods(TestMethodWorker.java:154)
	at org.testng.internal.invokers.TestMethodWorker.run(TestMethodWorker.java:134)
	at java.base/java.util.concurrent.Executors$RunnableAdapter.call(Executors.java:539)
	at java.base/java.util.concurrent.FutureTask.run(FutureTask.java:264)
	at org.testng.internal.thread.graph.TestNGFutureTask.run(TestNGFutureTask.java:22)
	at java.base/java.util.concurrent.ThreadPoolExecutor.runWorker(ThreadPoolExecutor.java:1136)
	at java.base/java.util.concurrent.ThreadPoolExecutor$Worker.run(ThreadPoolExecutor.java:635)
	at java.base/java.lang.Thread.run(Thread.java:842)
]]></system-err>
  </testcase>
</testsuite>