-------------------------------------------------------------------------------
Test set: TestSuite
-------------------------------------------------------------------------------
Tests run: 4, Failures: 1, Errors: 0, Skipped: 0, Time elapsed: 8.209 s <<< FAILURE! - in TestSuite
testRunner.TestRunner.runScenario["Create a FHIR Store", "Create a FHIR Store"](3)  Time elapsed: 0.437 s  <<< FAILURE!
java.lang.AssertionError: expected:<200> but was:<401>

