<?xml version="1.0" encoding="UTF-8"?>
<testsuite xmlns:xsi="http://www.w3.org/2001/XMLSchema-instance" xsi:noNamespaceSchemaLocation="https://maven.apache.org/surefire/maven-surefire-plugin/xsd/surefire-test-report-3.0.xsd" version="3.0" name="TestSuite" time="4.904" tests="2" errors="0" skipped="0" failures="0">
  <properties>
[...]
</properties>
  <testcase name="runScenario[&quot;Create a new dataset&quot;, &quot;Create DataSet&quot;](1)" classname="testRunner.TestRunner" time="2.63">
    <system-out><![CDATA[
Scenario: Create a new dataset                                                                            # src/test/resources/features/01_create-dataset.feature:3
  Given Set the base URL for the Google Cloud Healthcare API.                                             # stepdefinitions.createDataset.set_the_base_url_for_the_google_cloud_healthcare_api()
Access token: ya29.a0AeXRPp4LiIUmlZMdnsf_f6Oa3jIldkEpyDdL2DXDdnogociwC6pFSVhq44TdH2lUofOXEMn6zpoBPg6dO8gHwzVppCMxeXjuLucOQwKYeukaxr8ysfId_nTDA7-YfEPCg6mM4f8bPXb-UmtJxDvLHZOm9gsoaKGJiwOAFTIlawaCgYKAboSARASFQHGX2MiQmEvnlVXQ4xHTEbKBmHjZA0177
[INFO ] 2025-03-29 22:04:37.961 [main] createDataset - Access token: ya29.a0AeXRPp4LiIUmlZMdnsf_f6Oa3jIldkEpyDdL2DXDdnogociwC6pFSVhq44TdH2lUofOXEMn6zpoBPg6dO8gHwzVppCMxeXjuLucOQwKYeukaxr8ysfId_nTDA7-YfEPCg6mM4f8bPXb-UmtJxDvLHZOm9gsoaKGJiwOAFTIlawaCgYKAboSARASFQHGX2MiQmEvnlVXQ4xHTEbKBmHjZA0177
  Then You need an OAuth2 token (accessToken) to authenticate the request.                                # stepdefinitions.createDataset.you_need_an_o_auth2_token_access_token_to_authenticate_the_request()
  Then The requestBody of the dataset having "<unique-identifier>","<name>","<description>","<timezone>". # stepdefinitions.createDataset.the_request_body_of_the_dataset_having(java.lang.String,java.lang.String,java.lang.String,java.lang.String)
[INFO ] 2025-03-29 22:04:37.969 [main] createDataset - Make POST request to create dataset 
Request method:	POST
Request URI:	https://healthcare.googleapis.com/v1/projects/healthcare-system-api/locations/us-central1/datasets?datasetId=healthcare_data
Proxy:			<none>
Request params:	<none>
Query params:	<none>
Form params:	<none>
Path params:	<none>
Headers:		Accept=*/*
				Content-Type=application/json
Cookies:		<none>
Multiparts:		<none>
Body:
{
    
}
HTTP/1.1 409 Conflict
Vary: Origin
Vary: X-Origin
Vary: Referer
Content-Type: application/json; charset=UTF-8
Date: Sun, 30 Mar 2025 03:04:38 GMT
Server: ESF
Content-Length: 102
X-XSS-Protection: 0
X-Frame-Options: SAMEORIGIN
X-Content-Type-Options: nosniff
Alt-Svc: h3=":443"; ma=2592000,h3-29=":443"; ma=2592000

{
    "error": {
        "code": 409,
        "message": "already exists",
        "status": "ALREADY_EXISTS"
    }
}
  When A POST request is made to the API endpoint: /projects/{projectId}/locations/{location}/datasets.   # stepdefinitions.createDataset.a_post_request_is_made_to_the_api_endpoint_projects_locations_datasets()
Dataset already exists. Skipping creation.
[INFO ] 2025-03-29 22:04:39.351 [main] createDataset - Dataset already exists. Skipping creation.
  Then The response body and status code are printed out for validation.                                  # stepdefinitions.createDataset.the_response_body_and_status_code_are_printed_out_for_validation()
Report file not found:C:\target\cucumber-html-report
Report File not found
]]></system-out>
    <system-err><![CDATA[log4j:WARN No appenders could be found for logger (org.apache.http.impl.conn.BasicClientConnectionManager).
log4j:WARN Please initialize the log4j system properly.
log4j:WARN See http://logging.apache.org/log4j/1.2/faq.html#noconfig for more info.
]]></system-err>
  </testcase>
  <testcase name="runScenario[&quot;Update dataset timezone&quot;, &quot;Update TimeZone&quot;](2)" classname="testRunner.TestRunner" time="0.628">
    <system-out><![CDATA[
Scenario: Update dataset timezone                                                 # src/test/resources/features/02_update-patch.feature:3
  Given Set the base URL for the Google Cloud Healthcare API.                     # stepdefinitions.createDataset.set_the_base_url_for_the_google_cloud_healthcare_api()
Access token: ya29.a0AeXRPp4LiIUmlZMdnsf_f6Oa3jIldkEpyDdL2DXDdnogociwC6pFSVhq44TdH2lUofOXEMn6zpoBPg6dO8gHwzVppCMxeXjuLucOQwKYeukaxr8ysfId_nTDA7-YfEPCg6mM4f8bPXb-UmtJxDvLHZOm9gsoaKGJiwOAFTIlawaCgYKAboSARASFQHGX2MiQmEvnlVXQ4xHTEbKBmHjZA0177
[INFO ] 2025-03-29 22:04:39.484 [main] createDataset - Access token: ya29.a0AeXRPp4LiIUmlZMdnsf_f6Oa3jIldkEpyDdL2DXDdnogociwC6pFSVhq44TdH2lUofOXEMn6zpoBPg6dO8gHwzVppCMxeXjuLucOQwKYeukaxr8ysfId_nTDA7-YfEPCg6mM4f8bPXb-UmtJxDvLHZOm9gsoaKGJiwOAFTIlawaCgYKAboSARASFQHGX2MiQmEvnlVXQ4xHTEbKBmHjZA0177
  Then You need an OAuth2 token (accessToken) to authenticate the request.        # stepdefinitions.createDataset.you_need_an_o_auth2_token_access_token_to_authenticate_the_request()
[INFO ] 2025-03-29 22:04:39.498 [main] Patch - Executing PATCH request for dataset timezone update...
Executing PATCH request for dataset timezone update...
Request Body: {
  "timeZone": "UTC"
}
OAuth2 Token: Token Present
HTTP/1.1 200 OK
Content-Type: application/json; charset=UTF-8
Vary: Origin
Vary: X-Origin
Vary: Referer
Date: Sun, 30 Mar 2025 03:04:39 GMT
Server: ESF
Content-Length: 139
X-XSS-Protection: 0
X-Frame-Options: SAMEORIGIN
X-Content-Type-Options: nosniff
Alt-Svc: h3=":443"; ma=2592000,h3-29=":443"; ma=2592000

{
    "name": "projects/healthcare-system-api/locations/us-central1/datasets/healthcare_data",
    "timeZone": "UTC",
    "satisfiesPzi": true
}
Status Code: 200
Status Code: 200
[INFO ] 2025-03-29 22:04:40.080 [main] Patch - Status Code: 200
Dataset timezone updated successfully.
[INFO ] 2025-03-29 22:04:40.080 [main] Patch - Dataset timezone updated successfully.
  When A PATCH request is made to update the dataset timezone to "UTC".           # stepdefinitions.Patch.a_patch_request_is_made_to_update_the_dataset_timezone(java.lang.String)
Response Body: {
  "name": "projects/healthcare-system-api/locations/us-central1/datasets/healthcare_data",
  "timeZone": "UTC",
  "satisfiesPzi": true
}

Status Code: 200
  Then The response body and status code are printed out for validation in patch. # stepdefinitions.Patch.the_response_body_and_status_code_are_printed_out_for_validation_in_patch()
Report file not found:C:\target\cucumber-html-report
Report File not found
]]></system-out>
  </testcase>
</testsuite>