<?xml version="1.0" encoding="UTF-8"?>
<testng-results ignored="0" total="4" passed="3" failed="1" skipped="0">
  <reporter-output>
  </reporter-output>
  <suite started-at="2025-04-07T13:45:43 CDT" name="Healthcare API Test Suite" finished-at="2025-04-07T13:45:50 CDT" duration-ms="6693">
    <groups>
      <group name="cucumber">
        <method signature="AbstractTestNGCucumberTests.runScenario(io.cucumber.testng.PickleWrapper,io.cucumber.testng.FeatureWrapper)[pri:0, instance:testRunner.TestRunner@5d5f10b2]" name="runScenario" class="io.cucumber.testng.AbstractTestNGCucumberTests"/>
      </group> <!-- cucumber -->
    </groups>
    <test started-at="2025-04-07T13:45:43 CDT" name="Healthcare API Tests" finished-at="2025-04-07T13:45:50 CDT" duration-ms="6693">
      <class name="testRunner.TestRunner">
        <test-method is-config="true" signature="setUpClass(org.testng.ITestContext)[pri:0, instance:testRunner.TestRunner@5d5f10b2]" started-at="2025-04-07T13:45:43 CDT" name="setUpClass" finished-at="2025-04-07T13:45:44 CDT" duration-ms="773" status="PASS">
          <params>
            <param index="0">
              <value>
                <![CDATA[org.testng.TestRunner@df5f5c0]]>
              </value>
            </param>
          </params>
          <reporter-output>
          </reporter-output>
        </test-method> <!-- setUpClass -->
        <test-method signature="runScenario(io.cucumber.testng.PickleWrapper,io.cucumber.testng.FeatureWrapper)[pri:0, instance:testRunner.TestRunner@5d5f10b2]" started-at="2025-04-07T13:45:44 CDT" name="runScenario" description="Runs Cucumber Scenarios" data-provider="scenarios" finished-at="2025-04-07T13:45:48 CDT" duration-ms="4172" status="PASS">
          <params>
            <param index="0">
              <value>
                <![CDATA["Create a new FHIR dataset"]]>
              </value>
            </param>
            <param index="1">
              <value>
                <![CDATA["Create DataSet"]]>
              </value>
            </param>
          </params>
          <reporter-output>
          </reporter-output>
        </test-method> <!-- runScenario -->
        <test-method signature="runScenario(io.cucumber.testng.PickleWrapper,io.cucumber.testng.FeatureWrapper)[pri:0, instance:testRunner.TestRunner@5d5f10b2]" started-at="2025-04-07T13:45:48 CDT" name="runScenario" description="Runs Cucumber Scenarios" data-provider="scenarios" finished-at="2025-04-07T13:45:49 CDT" duration-ms="381" status="PASS">
          <params>
            <param index="0">
              <value>
                <![CDATA["Update dataset timezone"]]>
              </value>
            </param>
            <param index="1">
              <value>
                <![CDATA["Update TimeZone"]]>
              </value>
            </param>
          </params>
          <reporter-output>
          </reporter-output>
        </test-method> <!-- runScenario -->
        <test-method signature="runScenario(io.cucumber.testng.PickleWrapper,io.cucumber.testng.FeatureWrapper)[pri:0, instance:testRunner.TestRunner@5d5f10b2]" started-at="2025-04-07T13:45:49 CDT" name="runScenario" description="Runs Cucumber Scenarios" data-provider="scenarios" finished-at="2025-04-07T13:45:49 CDT" duration-ms="477" status="FAIL">
          <params>
            <param index="0">
              <value>
                <![CDATA["Create a FHIR Store"]]>
              </value>
            </param>
            <param index="1">
              <value>
                <![CDATA["Create a FHIR Store"]]>
              </value>
            </param>
          </params>
          <exception class="java.lang.AssertionError">
            <message>
              <![CDATA[expected:<200> but was:<401>]]>
            </message>
            <full-stacktrace>
              <![CDATA[java.lang.AssertionError: expected:<200> but was:<401>
at org.junit.Assert.fail(Assert.java:89)
at org.junit.Assert.failNotEquals(Assert.java:835)
at org.junit.Assert.assertEquals(Assert.java:647)
at org.junit.Assert.assertEquals(Assert.java:633)
at stepdefinitions.CreateFHIRStore.validateResponse(CreateFHIRStore.java:68)
at ✽.The response body and status code are printed out for validation to create store.(file:///C:/Users/nreka/vscodedevops/FHIR-Google-Cloud-API/src/test/resources/features/03_CreateFHIRStore.feature:12)
]]>
            </full-stacktrace>
          </exception> <!-- java.lang.AssertionError -->
          <reporter-output>
          </reporter-output>
        </test-method> <!-- runScenario -->
        <test-method signature="runScenario(io.cucumber.testng.PickleWrapper,io.cucumber.testng.FeatureWrapper)[pri:0, instance:testRunner.TestRunner@5d5f10b2]" started-at="2025-04-07T13:45:49 CDT" name="runScenario" description="Runs Cucumber Scenarios" data-provider="scenarios" finished-at="2025-04-07T13:45:50 CDT" duration-ms="400" status="PASS">
          <params>
            <param index="0">
              <value>
                <![CDATA["Get all FHIR Stores"]]>
              </value>
            </param>
            <param index="1">
              <value>
                <![CDATA["Get all FHIR Stores"]]>
              </value>
            </param>
          </params>
          <reporter-output>
          </reporter-output>
        </test-method> <!-- runScenario -->
        <test-method is-config="true" signature="tearDownClass()[pri:0, instance:testRunner.TestRunner@5d5f10b2]" started-at="2025-04-07T13:45:50 CDT" name="tearDownClass" finished-at="2025-04-07T13:45:50 CDT" duration-ms="60" status="PASS">
          <reporter-output>
          </reporter-output>
        </test-method> <!-- tearDownClass -->
      </class> <!-- testRunner.TestRunner -->
    </test> <!-- Healthcare API Tests -->
  </suite> <!-- Healthcare API Test Suite -->
</testng-results>
